<?xml version="1.0" encoding="UTF-8"?>
<testsuite name="Colorlib" tests="8" skipped="0" failures="0" errors="0" timestamp="2022-02-19T04:02:13" hostname="DESKTOP-N19QEIQ" time="134.342">
  <properties/>
  <testcase name="Verify the completion of the Block Validation screen" classname="Colorlib" time="20.838"/>
  <testcase name="Check message when sending the empty form" classname="Colorlib" time="10.818"/>
  <testcase name="Check the format of the email field" classname="Colorlib" time="15.234"/>
  <testcase name="Check the format of the password field" classname="Colorlib" time="16.949"/>
  <testcase name="Check the format of the confirm password field" classname="Colorlib" time="15.631"/>
  <testcase name="Check the format of the url field" classname="Colorlib" time="19.866"/>
  <testcase name="Check the format of the only digits field" classname="Colorlib" time="16.862"/>
  <testcase name="Check the format of the range field" classname="Colorlib" time="18.065"/>
  <system-out><![CDATA[]]></system-out>
  <system-err><![CDATA[[Test worker] WARN net.thucydides.core.steps.BaseStepListener - stepStarted: net.thucydides.core.steps.ExecutedStepDescription@5b0b1a33
[Test worker] WARN net.thucydides.core.steps.BaseStepListener - stepStarted: net.thucydides.core.steps.ExecutedStepDescription@4169e1c1
[Test worker] WARN net.thucydides.core.steps.BaseStepListener - stepStarted: net.thucydides.core.steps.ExecutedStepDescription@35e54ca0
feb 18, 2022 11:02:14 PM org.openqa.selenium.remote.DesiredCapabilities chrome
INFORMACIÓN: Using `new ChromeOptions()` is preferred to `DesiredCapabilities.chrome()`
[Test worker] INFO net.serenitybdd.core.webdriver.driverproviders.ProvideNewDriver - Instantiating driver
[Test worker] INFO net.serenitybdd.core.webdriver.driverproviders.ProvideNewDriver - Driver capabilities: Capabilities {acceptInsecureCerts: false, browserName: chrome, chrome.switches: --start-maximized, goog:chromeOptions: {args: [--start-maximized], extensions: []}, loggingPrefs: org.openqa.selenium.logging..., platform: ANY, version: }
Starting ChromeDriver 98.0.4758.102 (273bf7ac8c909cde36982d27f66f3c70846a3718-refs/branch-heads/4758@{#1151}) on port 42012
Only local connections are allowed.
Please see https://chromedriver.chromium.org/security-considerations for suggestions on keeping ChromeDriver safe.
ChromeDriver was started successfully.
feb 18, 2022 11:02:18 PM org.openqa.selenium.remote.ProtocolHandshake createSession
INFORMACIÓN: Detected dialect: W3C
[Test worker] WARN net.thucydides.core.steps.BaseStepListener - stepFinished: current outcome:Verify the completion of the Block Validation screen:Given Joel logs in to the colorlib page
| strUsuario | strClave |
| demo | demo | [Joel open up [Joel opens the Color lib page]]
[Test worker] WARN net.thucydides.core.steps.BaseStepListener - stepFinished: current outcome:Verify the completion of the Block Validation screen:Given Joel logs in to the colorlib page
| strUsuario | strClave |
| demo | demo | [Joel open up [Joel opens the Color lib page]]
[Test worker] WARN net.thucydides.core.steps.BaseStepListener - stepStarted: net.thucydides.core.steps.ExecutedStepDescription@582a6e11
[Test worker] WARN net.thucydides.core.steps.BaseStepListener - stepStarted: net.thucydides.core.steps.ExecutedStepDescription@76dd1cd
[Test worker] WARN net.thucydides.core.steps.BaseStepListener - stepFinished: current outcome:Verify the completion of the Block Validation screen:Given Joel logs in to the colorlib page
| strUsuario | strClave |
| demo | demo | [Joel open up [Joel opens the Color lib page], Joel login [Joel enters 'demo' into Campo para ingresar el nombre de usuario]]
[Test worker] WARN net.thucydides.core.steps.BaseStepListener - stepStarted: net.thucydides.core.steps.ExecutedStepDescription@e579417
[Test worker] WARN net.thucydides.core.steps.BaseStepListener - stepFinished: current outcome:Verify the completion of the Block Validation screen:Given Joel logs in to the colorlib page
| strUsuario | strClave |
| demo | demo | [Joel open up [Joel opens the Color lib page], Joel login [Joel enters 'demo' into Campo para ingresar el nombre de usuario, Joel enters 'demo' into Campo para ingresar el nombre del usuario]]
[Test worker] WARN net.thucydides.core.steps.BaseStepListener - stepStarted: net.thucydides.core.steps.ExecutedStepDescription@729e58c7
[Test worker] WARN net.thucydides.core.steps.BaseStepListener - stepFinished: current outcome:Verify the completion of the Block Validation screen:Given Joel logs in to the colorlib page
| strUsuario | strClave |
| demo | demo | [Joel open up [Joel opens the Color lib page], Joel login [Joel enters 'demo' into Campo para ingresar el nombre de usuario, Joel enters 'demo' into Campo para ingresar el nombre del usuario, Joel clicks on Campo para ingresar el nombre del usuario]]
[Test worker] WARN net.thucydides.core.steps.BaseStepListener - stepFinished: current outcome:Verify the completion of the Block Validation screen:Given Joel logs in to the colorlib page
| strUsuario | strClave |
| demo | demo | [Joel open up [Joel opens the Color lib page], Joel login [Joel enters 'demo' into Campo para ingresar el nombre de usuario, Joel enters 'demo' into Campo para ingresar el nombre del usuario, Joel clicks on Campo para ingresar el nombre del usuario]]
[Test worker] WARN net.thucydides.core.steps.BaseStepListener - stepFinished: current outcome:Verify the completion of the Block Validation screen:Given Joel logs in to the colorlib page
| strUsuario | strClave |
| demo | demo | [Joel open up [Joel opens the Color lib page], Joel login [Joel enters 'demo' into Campo para ingresar el nombre de usuario, Joel enters 'demo' into Campo para ingresar el nombre del usuario, Joel clicks on Campo para ingresar el nombre del usuario]]
[Test worker] WARN net.thucydides.core.steps.BaseStepListener - stepStarted: net.thucydides.core.steps.ExecutedStepDescription@3288b197
[Test worker] WARN net.thucydides.core.steps.BaseStepListener - stepStarted: net.thucydides.core.steps.ExecutedStepDescription@2ffc5d5c
[Test worker] WARN net.thucydides.core.steps.BaseStepListener - stepStarted: net.thucydides.core.steps.ExecutedStepDescription@1b5bc6c4
[Test worker] WARN net.thucydides.core.steps.BaseStepListener - stepFinished: current outcome:Verify the completion of the Block Validation screen:Given Joel logs in to the colorlib page
| strUsuario | strClave |
| demo | demo | [Joel open up [Joel opens the Color lib page], Joel login [Joel enters 'demo' into Campo para ingresar el nombre de usuario, Joel enters 'demo' into Campo para ingresar el nombre del usuario, Joel clicks on Campo para ingresar el nombre del usuario]], When Enter Block Validation Functionality [Joel ingresar [Joel clicks on Seleccionar el menu de formularios]]
[Test worker] WARN net.thucydides.core.steps.BaseStepListener - stepStarted: net.thucydides.core.steps.ExecutedStepDescription@7e56b2dd
[Test worker] WARN net.thucydides.core.steps.BaseStepListener - stepFinished: current outcome:Verify the completion of the Block Validation screen:Given Joel logs in to the colorlib page
| strUsuario | strClave |
| demo | demo | [Joel open up [Joel opens the Color lib page], Joel login [Joel enters 'demo' into Campo para ingresar el nombre de usuario, Joel enters 'demo' into Campo para ingresar el nombre del usuario, Joel clicks on Campo para ingresar el nombre del usuario]], When Enter Block Validation Functionality [Joel ingresar [Joel clicks on Seleccionar el menu de formularios, Joel clicks on Seleccionar el formulario de validacion]]
[Test worker] WARN net.thucydides.core.steps.BaseStepListener - stepFinished: current outcome:Verify the completion of the Block Validation screen:Given Joel logs in to the colorlib page
| strUsuario | strClave |
| demo | demo | [Joel open up [Joel opens the Color lib page], Joel login [Joel enters 'demo' into Campo para ingresar el nombre de usuario, Joel enters 'demo' into Campo para ingresar el nombre del usuario, Joel clicks on Campo para ingresar el nombre del usuario]], When Enter Block Validation Functionality [Joel ingresar [Joel clicks on Seleccionar el menu de formularios, Joel clicks on Seleccionar el formulario de validacion]]
[Test worker] WARN net.thucydides.core.steps.BaseStepListener - stepFinished: current outcome:Verify the completion of the Block Validation screen:Given Joel logs in to the colorlib page
| strUsuario | strClave |
| demo | demo | [Joel open up [Joel opens the Color lib page], Joel login [Joel enters 'demo' into Campo para ingresar el nombre de usuario, Joel enters 'demo' into Campo para ingresar el nombre del usuario, Joel clicks on Campo para ingresar el nombre del usuario]], When Enter Block Validation Functionality [Joel ingresar [Joel clicks on Seleccionar el menu de formularios, Joel clicks on Seleccionar el formulario de validacion]]
[Test worker] WARN net.thucydides.core.steps.BaseStepListener - stepStarted: net.thucydides.core.steps.ExecutedStepDescription@3b1cffa8
[Test worker] WARN net.thucydides.core.steps.BaseStepListener - stepStarted: net.thucydides.core.steps.ExecutedStepDescription@74c9ba05
[Test worker] WARN net.thucydides.core.steps.BaseStepListener - stepStarted: net.thucydides.core.steps.ExecutedStepDescription@296191e3
[Test worker] WARN net.thucydides.core.steps.BaseStepListener - stepFinished: current outcome:Verify the completion of the Block Validation screen:Given Joel logs in to the colorlib page
| strUsuario | strClave |
| demo | demo | [Joel open up [Joel opens the Color lib page], Joel login [Joel enters 'demo' into Campo para ingresar el nombre de usuario, Joel enters 'demo' into Campo para ingresar el nombre del usuario, Joel clicks on Campo para ingresar el nombre del usuario]], When Enter Block Validation Functionality [Joel ingresar [Joel clicks on Seleccionar el menu de formularios, Joel clicks on Seleccionar el formulario de validacion]], And Enter all the required information
| strRequired | strEmail | strPassword | strCPassword | strDate | strUrl | strDigits | strRange |
| Joel | joel1@gamil.com | 12345@JDRH | 12345@JDRH | 24081998 | https://www.hola2.com | 123 | 7 | [Joel formulario [Joel enters 'Joel' into Campo para ingresar el nombre]]
[Test worker] WARN net.thucydides.core.steps.BaseStepListener - stepStarted: net.thucydides.core.steps.ExecutedStepDescription@79ca81f
[Test worker] WARN net.thucydides.core.steps.BaseStepListener - stepFinished: current outcome:Verify the completion of the Block Validation screen:Given Joel logs in to the colorlib page
| strUsuario | strClave |
| demo | demo | [Joel open up [Joel opens the Color lib page], Joel login [Joel enters 'demo' into Campo para ingresar el nombre de usuario, Joel enters 'demo' into Campo para ingresar el nombre del usuario, Joel clicks on Campo para ingresar el nombre del usuario]], When Enter Block Validation Functionality [Joel ingresar [Joel clicks on Seleccionar el menu de formularios, Joel clicks on Seleccionar el formulario de validacion]], And Enter all the required information
| strRequired | strEmail | strPassword | strCPassword | strDate | strUrl | strDigits | strRange |
| Joel | joel1@gamil.com | 12345@JDRH | 12345@JDRH | 24081998 | https://www.hola2.com | 123 | 7 | [Joel formulario [Joel enters 'Joel' into Campo para ingresar el nombre, Joel enters 'joel1@gamil.com' into Campo para ingresar el email]]
[Test worker] WARN net.thucydides.core.steps.BaseStepListener - stepStarted: net.thucydides.core.steps.ExecutedStepDescription@57b121a2
[Test worker] WARN net.thucydides.core.steps.BaseStepListener - stepFinished: current outcome:Verify the completion of the Block Validation screen:Given Joel logs in to the colorlib page
| strUsuario | strClave |
| demo | demo | [Joel open up [Joel opens the Color lib page], Joel login [Joel enters 'demo' into Campo para ingresar el nombre de usuario, Joel enters 'demo' into Campo para ingresar el nombre del usuario, Joel clicks on Campo para ingresar el nombre del usuario]], When Enter Block Validation Functionality [Joel ingresar [Joel clicks on Seleccionar el menu de formularios, Joel clicks on Seleccionar el formulario de validacion]], And Enter all the required information
| strRequired | strEmail | strPassword | strCPassword | strDate | strUrl | strDigits | strRange |
| Joel | joel1@gamil.com | 12345@JDRH | 12345@JDRH | 24081998 | https://www.hola2.com | 123 | 7 | [Joel formulario [Joel enters 'Joel' into Campo para ingresar el nombre, Joel enters 'joel1@gamil.com' into Campo para ingresar el email, Joel enters '12345@JDRH' into Campo para ingresar la clave]]
[Test worker] WARN net.thucydides.core.steps.BaseStepListener - stepStarted: net.thucydides.core.steps.ExecutedStepDescription@307b5550
[Test worker] WARN net.thucydides.core.steps.BaseStepListener - stepFinished: current outcome:Verify the completion of the Block Validation screen:Given Joel logs in to the colorlib page
| strUsuario | strClave |
| demo | demo | [Joel open up [Joel opens the Color lib page], Joel login [Joel enters 'demo' into Campo para ingresar el nombre de usuario, Joel enters 'demo' into Campo para ingresar el nombre del usuario, Joel clicks on Campo para ingresar el nombre del usuario]], When Enter Block Validation Functionality [Joel ingresar [Joel clicks on Seleccionar el menu de formularios, Joel clicks on Seleccionar el formulario de validacion]], And Enter all the required information
| strRequired | strEmail | strPassword | strCPassword | strDate | strUrl | strDigits | strRange |
| Joel | joel1@gamil.com | 12345@JDRH | 12345@JDRH | 24081998 | https://www.hola2.com | 123 | 7 | [Joel formulario [Joel enters 'Joel' into Campo para ingresar el nombre, Joel enters 'joel1@gamil.com' into Campo para ingresar el email, Joel enters '12345@JDRH' into Campo para ingresar la clave, Joel enters '12345@JDRH' into Campo para confirmar la clave]]
[Test worker] WARN net.thucydides.core.steps.BaseStepListener - stepStarted: net.thucydides.core.steps.ExecutedStepDescription@651f9f52
[Test worker] WARN net.thucydides.core.steps.BaseStepListener - stepFinished: current outcome:Verify the completion of the Block Validation screen:Given Joel logs in to the colorlib page
| strUsuario | strClave |
| demo | demo | [Joel open up [Joel opens the Color lib page], Joel login [Joel enters 'demo' into Campo para ingresar el nombre de usuario, Joel enters 'demo' into Campo para ingresar el nombre del usuario, Joel clicks on Campo para ingresar el nombre del usuario]], When Enter Block Validation Functionality [Joel ingresar [Joel clicks on Seleccionar el menu de formularios, Joel clicks on Seleccionar el formulario de validacion]], And Enter all the required information
| strRequired | strEmail | strPassword | strCPassword | strDate | strUrl | strDigits | strRange |
| Joel | joel1@gamil.com | 12345@JDRH | 12345@JDRH | 24081998 | https://www.hola2.com | 123 | 7 | [Joel formulario [Joel enters 'Joel' into Campo para ingresar el nombre, Joel enters 'joel1@gamil.com' into Campo para ingresar el email, Joel enters '12345@JDRH' into Campo para ingresar la clave, Joel enters '12345@JDRH' into Campo para confirmar la clave, Joel enters '24081998' into Campo para ingresar la fecha]]
[Test worker] WARN net.thucydides.core.steps.BaseStepListener - stepStarted: net.thucydides.core.steps.ExecutedStepDescription@174c2299
[Test worker] WARN net.thucydides.core.steps.BaseStepListener - stepFinished: current outcome:Verify the completion of the Block Validation screen:Given Joel logs in to the colorlib page
| strUsuario | strClave |
| demo | demo | [Joel open up [Joel opens the Color lib page], Joel login [Joel enters 'demo' into Campo para ingresar el nombre de usuario, Joel enters 'demo' into Campo para ingresar el nombre del usuario, Joel clicks on Campo para ingresar el nombre del usuario]], When Enter Block Validation Functionality [Joel ingresar [Joel clicks on Seleccionar el menu de formularios, Joel clicks on Seleccionar el formulario de validacion]], And Enter all the required information
| strRequired | strEmail | strPassword | strCPassword | strDate | strUrl | strDigits | strRange |
| Joel | joel1@gamil.com | 12345@JDRH | 12345@JDRH | 24081998 | https://www.hola2.com | 123 | 7 | [Joel formulario [Joel enters 'Joel' into Campo para ingresar el nombre, Joel enters 'joel1@gamil.com' into Campo para ingresar el email, Joel enters '12345@JDRH' into Campo para ingresar la clave, Joel enters '12345@JDRH' into Campo para confirmar la clave, Joel enters '24081998' into Campo para ingresar la fecha, Joel enters 'https://www.hola2.com' into Campo para ingresar la Url]]
[Test worker] WARN net.thucydides.core.steps.BaseStepListener - stepStarted: net.thucydides.core.steps.ExecutedStepDescription@6b064ce7
[Test worker] WARN net.thucydides.core.steps.BaseStepListener - stepFinished: current outcome:Verify the completion of the Block Validation screen:Given Joel logs in to the colorlib page
| strUsuario | strClave |
| demo | demo | [Joel open up [Joel opens the Color lib page], Joel login [Joel enters 'demo' into Campo para ingresar el nombre de usuario, Joel enters 'demo' into Campo para ingresar el nombre del usuario, Joel clicks on Campo para ingresar el nombre del usuario]], When Enter Block Validation Functionality [Joel ingresar [Joel clicks on Seleccionar el menu de formularios, Joel clicks on Seleccionar el formulario de validacion]], And Enter all the required information
| strRequired | strEmail | strPassword | strCPassword | strDate | strUrl | strDigits | strRange |
| Joel | joel1@gamil.com | 12345@JDRH | 12345@JDRH | 24081998 | https://www.hola2.com | 123 | 7 | [Joel formulario [Joel enters 'Joel' into Campo para ingresar el nombre, Joel enters 'joel1@gamil.com' into Campo para ingresar el email, Joel enters '12345@JDRH' into Campo para ingresar la clave, Joel enters '12345@JDRH' into Campo para confirmar la clave, Joel enters '24081998' into Campo para ingresar la fecha, Joel enters 'https://www.hola2.com' into Campo para ingresar la Url, Joel enters '123' into Campo para ingresar los digitos]]
[Test worker] WARN net.thucydides.core.steps.BaseStepListener - stepStarted: net.thucydides.core.steps.ExecutedStepDescription@6aed54c9
[Test worker] WARN net.thucydides.core.steps.BaseStepListener - stepFinished: current outcome:Verify the completion of the Block Validation screen:Given Joel logs in to the colorlib page
| strUsuario | strClave |
| demo | demo | [Joel open up [Joel opens the Color lib page], Joel login [Joel enters 'demo' into Campo para ingresar el nombre de usuario, Joel enters 'demo' into Campo para ingresar el nombre del usuario, Joel clicks on Campo para ingresar el nombre del usuario]], When Enter Block Validation Functionality [Joel ingresar [Joel clicks on Seleccionar el menu de formularios, Joel clicks on Seleccionar el formulario de validacion]], And Enter all the required information
| strRequired | strEmail | strPassword | strCPassword | strDate | strUrl | strDigits | strRange |
| Joel | joel1@gamil.com | 12345@JDRH | 12345@JDRH | 24081998 | https://www.hola2.com | 123 | 7 | [Joel formulario [Joel enters 'Joel' into Campo para ingresar el nombre, Joel enters 'joel1@gamil.com' into Campo para ingresar el email, Joel enters '12345@JDRH' into Campo para ingresar la clave, Joel enters '12345@JDRH' into Campo para confirmar la clave, Joel enters '24081998' into Campo para ingresar la fecha, Joel enters 'https://www.hola2.com' into Campo para ingresar la Url, Joel enters '123' into Campo para ingresar los digitos, Joel enters '7' into Campo para ingresar el rango]]
[Test worker] WARN net.thucydides.core.steps.BaseStepListener - stepStarted: net.thucydides.core.steps.ExecutedStepDescription@762b1b42
[Test worker] WARN net.thucydides.core.steps.BaseStepListener - stepFinished: current outcome:Verify the completion of the Block Validation screen:Given Joel logs in to the colorlib page
| strUsuario | strClave |
| demo | demo | [Joel open up [Joel opens the Color lib page], Joel login [Joel enters 'demo' into Campo para ingresar el nombre de usuario, Joel enters 'demo' into Campo para ingresar el nombre del usuario, Joel clicks on Campo para ingresar el nombre del usuario]], When Enter Block Validation Functionality [Joel ingresar [Joel clicks on Seleccionar el menu de formularios, Joel clicks on Seleccionar el formulario de validacion]], And Enter all the required information
| strRequired | strEmail | strPassword | strCPassword | strDate | strUrl | strDigits | strRange |
| Joel | joel1@gamil.com | 12345@JDRH | 12345@JDRH | 24081998 | https://www.hola2.com | 123 | 7 | [Joel formulario [Joel enters 'Joel' into Campo para ingresar el nombre, Joel enters 'joel1@gamil.com' into Campo para ingresar el email, Joel enters '12345@JDRH' into Campo para ingresar la clave, Joel enters '12345@JDRH' into Campo para confirmar la clave, Joel enters '24081998' into Campo para ingresar la fecha, Joel enters 'https://www.hola2.com' into Campo para ingresar la Url, Joel enters '123' into Campo para ingresar los digitos, Joel enters '7' into Campo para ingresar el rango, Joel clicks on Marcamos para aceptar las politicas]]
[Test worker] WARN net.thucydides.core.steps.BaseStepListener - stepStarted: net.thucydides.core.steps.ExecutedStepDescription@2520661d
[Test worker] WARN net.thucydides.core.steps.BaseStepListener - stepFinished: current outcome:Verify the completion of the Block Validation screen:Given Joel logs in to the colorlib page
| strUsuario | strClave |
| demo | demo | [Joel open up [Joel opens the Color lib page], Joel login [Joel enters 'demo' into Campo para ingresar el nombre de usuario, Joel enters 'demo' into Campo para ingresar el nombre del usuario, Joel clicks on Campo para ingresar el nombre del usuario]], When Enter Block Validation Functionality [Joel ingresar [Joel clicks on Seleccionar el menu de formularios, Joel clicks on Seleccionar el formulario de validacion]], And Enter all the required information
| strRequired | strEmail | strPassword | strCPassword | strDate | strUrl | strDigits | strRange |
| Joel | joel1@gamil.com | 12345@JDRH | 12345@JDRH | 24081998 | https://www.hola2.com | 123 | 7 | [Joel formulario [Joel enters 'Joel' into Campo para ingresar el nombre, Joel enters 'joel1@gamil.com' into Campo para ingresar el email, Joel enters '12345@JDRH' into Campo para ingresar la clave, Joel enters '12345@JDRH' into Campo para confirmar la clave, Joel enters '24081998' into Campo para ingresar la fecha, Joel enters 'https://www.hola2.com' into Campo para ingresar la Url, Joel enters '123' into Campo para ingresar los digitos, Joel enters '7' into Campo para ingresar el rango, Joel clicks on Marcamos para aceptar las politicas, Joel clicks on Boton para validar la informacion]]
[Test worker] WARN net.thucydides.core.steps.BaseStepListener - stepFinished: current outcome:Verify the completion of the Block Validation screen:Given Joel logs in to the colorlib page
| strUsuario | strClave |
| demo | demo | [Joel open up [Joel opens the Color lib page], Joel login [Joel enters 'demo' into Campo para ingresar el nombre de usuario, Joel enters 'demo' into Campo para ingresar el nombre del usuario, Joel clicks on Campo para ingresar el nombre del usuario]], When Enter Block Validation Functionality [Joel ingresar [Joel clicks on Seleccionar el menu de formularios, Joel clicks on Seleccionar el formulario de validacion]], And Enter all the required information
| strRequired | strEmail | strPassword | strCPassword | strDate | strUrl | strDigits | strRange |
| Joel | joel1@gamil.com | 12345@JDRH | 12345@JDRH | 24081998 | https://www.hola2.com | 123 | 7 | [Joel formulario [Joel enters 'Joel' into Campo para ingresar el nombre, Joel enters 'joel1@gamil.com' into Campo para ingresar el email, Joel enters '12345@JDRH' into Campo para ingresar la clave, Joel enters '12345@JDRH' into Campo para confirmar la clave, Joel enters '24081998' into Campo para ingresar la fecha, Joel enters 'https://www.hola2.com' into Campo para ingresar la Url, Joel enters '123' into Campo para ingresar los digitos, Joel enters '7' into Campo para ingresar el rango, Joel clicks on Marcamos para aceptar las politicas, Joel clicks on Boton para validar la informacion]]
[Test worker] WARN net.thucydides.core.steps.BaseStepListener - stepFinished: current outcome:Verify the completion of the Block Validation screen:Given Joel logs in to the colorlib page
| strUsuario | strClave |
| demo | demo | [Joel open up [Joel opens the Color lib page], Joel login [Joel enters 'demo' into Campo para ingresar el nombre de usuario, Joel enters 'demo' into Campo para ingresar el nombre del usuario, Joel clicks on Campo para ingresar el nombre del usuario]], When Enter Block Validation Functionality [Joel ingresar [Joel clicks on Seleccionar el menu de formularios, Joel clicks on Seleccionar el formulario de validacion]], And Enter all the required information
| strRequired | strEmail | strPassword | strCPassword | strDate | strUrl | strDigits | strRange |
| Joel | joel1@gamil.com | 12345@JDRH | 12345@JDRH | 24081998 | https://www.hola2.com | 123 | 7 | [Joel formulario [Joel enters 'Joel' into Campo para ingresar el nombre, Joel enters 'joel1@gamil.com' into Campo para ingresar el email, Joel enters '12345@JDRH' into Campo para ingresar la clave, Joel enters '12345@JDRH' into Campo para confirmar la clave, Joel enters '24081998' into Campo para ingresar la fecha, Joel enters 'https://www.hola2.com' into Campo para ingresar la Url, Joel enters '123' into Campo para ingresar los digitos, Joel enters '7' into Campo para ingresar el rango, Joel clicks on Marcamos para aceptar las politicas, Joel clicks on Boton para validar la informacion]]
[Test worker] WARN net.thucydides.core.steps.BaseStepListener - stepStarted: net.thucydides.core.steps.ExecutedStepDescription@181d3159
[Test worker] WARN net.thucydides.core.steps.BaseStepListener - stepStarted: net.thucydides.core.steps.ExecutedStepDescription@6f8afc39
[Test worker] WARN net.thucydides.core.steps.BaseStepListener - stepFinished: current outcome:Verify the completion of the Block Validation screen:Given Joel logs in to the colorlib page
| strUsuario | strClave |
| demo | demo | [Joel open up [Joel opens the Color lib page], Joel login [Joel enters 'demo' into Campo para ingresar el nombre de usuario, Joel enters 'demo' into Campo para ingresar el nombre del usuario, Joel clicks on Campo para ingresar el nombre del usuario]], When Enter Block Validation Functionality [Joel ingresar [Joel clicks on Seleccionar el menu de formularios, Joel clicks on Seleccionar el formulario de validacion]], And Enter all the required information
| strRequired | strEmail | strPassword | strCPassword | strDate | strUrl | strDigits | strRange |
| Joel | joel1@gamil.com | 12345@JDRH | 12345@JDRH | 24081998 | https://www.hola2.com | 123 | 7 | [Joel formulario [Joel enters 'Joel' into Campo para ingresar el nombre, Joel enters 'joel1@gamil.com' into Campo para ingresar el email, Joel enters '12345@JDRH' into Campo para ingresar la clave, Joel enters '12345@JDRH' into Campo para confirmar la clave, Joel enters '24081998' into Campo para ingresar la fecha, Joel enters 'https://www.hola2.com' into Campo para ingresar la Url, Joel enters '123' into Campo para ingresar los digitos, Joel enters '7' into Campo para ingresar el rango, Joel clicks on Marcamos para aceptar las politicas, Joel clicks on Boton para validar la informacion]], Then Check Answer
| strTextValidation |
|  | [Then answer]
[Test worker] WARN net.thucydides.core.steps.BaseStepListener - stepFinished: current outcome:Verify the completion of the Block Validation screen:Given Joel logs in to the colorlib page
| strUsuario | strClave |
| demo | demo | [Joel open up [Joel opens the Color lib page], Joel login [Joel enters 'demo' into Campo para ingresar el nombre de usuario, Joel enters 'demo' into Campo para ingresar el nombre del usuario, Joel clicks on Campo para ingresar el nombre del usuario]], When Enter Block Validation Functionality [Joel ingresar [Joel clicks on Seleccionar el menu de formularios, Joel clicks on Seleccionar el formulario de validacion]], And Enter all the required information
| strRequired | strEmail | strPassword | strCPassword | strDate | strUrl | strDigits | strRange |
| Joel | joel1@gamil.com | 12345@JDRH | 12345@JDRH | 24081998 | https://www.hola2.com | 123 | 7 | [Joel formulario [Joel enters 'Joel' into Campo para ingresar el nombre, Joel enters 'joel1@gamil.com' into Campo para ingresar el email, Joel enters '12345@JDRH' into Campo para ingresar la clave, Joel enters '12345@JDRH' into Campo para confirmar la clave, Joel enters '24081998' into Campo para ingresar la fecha, Joel enters 'https://www.hola2.com' into Campo para ingresar la Url, Joel enters '123' into Campo para ingresar los digitos, Joel enters '7' into Campo para ingresar el rango, Joel clicks on Marcamos para aceptar las politicas, Joel clicks on Boton para validar la informacion]], Then Check Answer
| strTextValidation |
|  | [Then answer]
[Test worker] WARN net.thucydides.core.steps.BaseStepListener - testFinished: Verify the completion of the Block Validation screen:Given Joel logs in to the colorlib page
| strUsuario | strClave |
| demo | demo | [Joel open up [Joel opens the Color lib page], Joel login [Joel enters 'demo' into Campo para ingresar el nombre de usuario, Joel enters 'demo' into Campo para ingresar el nombre del usuario, Joel clicks on Campo para ingresar el nombre del usuario]], When Enter Block Validation Functionality [Joel ingresar [Joel clicks on Seleccionar el menu de formularios, Joel clicks on Seleccionar el formulario de validacion]], And Enter all the required information
| strRequired | strEmail | strPassword | strCPassword | strDate | strUrl | strDigits | strRange |
| Joel | joel1@gamil.com | 12345@JDRH | 12345@JDRH | 24081998 | https://www.hola2.com | 123 | 7 | [Joel formulario [Joel enters 'Joel' into Campo para ingresar el nombre, Joel enters 'joel1@gamil.com' into Campo para ingresar el email, Joel enters '12345@JDRH' into Campo para ingresar la clave, Joel enters '12345@JDRH' into Campo para confirmar la clave, Joel enters '24081998' into Campo para ingresar la fecha, Joel enters 'https://www.hola2.com' into Campo para ingresar la Url, Joel enters '123' into Campo para ingresar los digitos, Joel enters '7' into Campo para ingresar el rango, Joel clicks on Marcamos para aceptar las politicas, Joel clicks on Boton para validar la informacion]], Then Check Answer
| strTextValidation |
|  | [Then answer]
[Test worker] WARN net.thucydides.core.steps.BaseStepListener - TestOutcomes: [Verify the completion of the Block Validation screen:Given Joel logs in to the colorlib page
| strUsuario | strClave |
| demo | demo | [Joel open up [Joel opens the Color lib page], Joel login [Joel enters 'demo' into Campo para ingresar el nombre de usuario, Joel enters 'demo' into Campo para ingresar el nombre del usuario, Joel clicks on Campo para ingresar el nombre del usuario]], When Enter Block Validation Functionality [Joel ingresar [Joel clicks on Seleccionar el menu de formularios, Joel clicks on Seleccionar el formulario de validacion]], And Enter all the required information
| strRequired | strEmail | strPassword | strCPassword | strDate | strUrl | strDigits | strRange |
| Joel | joel1@gamil.com | 12345@JDRH | 12345@JDRH | 24081998 | https://www.hola2.com | 123 | 7 | [Joel formulario [Joel enters 'Joel' into Campo para ingresar el nombre, Joel enters 'joel1@gamil.com' into Campo para ingresar el email, Joel enters '12345@JDRH' into Campo para ingresar la clave, Joel enters '12345@JDRH' into Campo para confirmar la clave, Joel enters '24081998' into Campo para ingresar la fecha, Joel enters 'https://www.hola2.com' into Campo para ingresar la Url, Joel enters '123' into Campo para ingresar los digitos, Joel enters '7' into Campo para ingresar el rango, Joel clicks on Marcamos para aceptar las politicas, Joel clicks on Boton para validar la informacion]], Then Check Answer
| strTextValidation |
|  | [Then answer]]
[Test worker] WARN net.thucydides.core.steps.BaseStepListener - Final testOutcomes: [Verify the completion of the Block Validation screen:Given Joel logs in to the colorlib page
| strUsuario | strClave |
| demo | demo | [Joel open up [Joel opens the Color lib page], Joel login [Joel enters 'demo' into Campo para ingresar el nombre de usuario, Joel enters 'demo' into Campo para ingresar el nombre del usuario, Joel clicks on Campo para ingresar el nombre del usuario]], When Enter Block Validation Functionality [Joel ingresar [Joel clicks on Seleccionar el menu de formularios, Joel clicks on Seleccionar el formulario de validacion]], And Enter all the required information
| strRequired | strEmail | strPassword | strCPassword | strDate | strUrl | strDigits | strRange |
| Joel | joel1@gamil.com | 12345@JDRH | 12345@JDRH | 24081998 | https://www.hola2.com | 123 | 7 | [Joel formulario [Joel enters 'Joel' into Campo para ingresar el nombre, Joel enters 'joel1@gamil.com' into Campo para ingresar el email, Joel enters '12345@JDRH' into Campo para ingresar la clave, Joel enters '12345@JDRH' into Campo para confirmar la clave, Joel enters '24081998' into Campo para ingresar la fecha, Joel enters 'https://www.hola2.com' into Campo para ingresar la Url, Joel enters '123' into Campo para ingresar los digitos, Joel enters '7' into Campo para ingresar el rango, Joel clicks on Marcamos para aceptar las politicas, Joel clicks on Boton para validar la informacion]], Then Check Answer
| strTextValidation |
|  | [Then answer]]
[Test worker] INFO net.thucydides.core.steps.ConsoleLoggingListener - 
        __    _____ _____ ____ _____   ____   _    ____  ____  _____ ____  
  _     \ \  |_   _| ____/ ___|_   _| |  _ \ / \  / ___|/ ___|| ____|  _ \ 
 (_)_____| |   | | |  _| \___ \ | |   | |_) / _ \ \___ \\___ \|  _| | | | |
  _|_____| |   | | | |___ ___) || |   |  __/ ___ \ ___) |___) | |___| |_| |
 (_)     | |   |_| |_____|____/ |_|   |_| /_/   \_\____/|____/|_____|____/ 
        /_/                                                                

TEST PASSED: Verify the completion of the Block Validation screen
----------------------------------------------------------------------------
[Test worker] WARN net.thucydides.core.steps.BaseStepListener - stepStarted: net.thucydides.core.steps.ExecutedStepDescription@69af24
[Test worker] WARN net.thucydides.core.steps.BaseStepListener - stepStarted: net.thucydides.core.steps.ExecutedStepDescription@22f1ccb9
[Test worker] WARN net.thucydides.core.steps.BaseStepListener - stepStarted: net.thucydides.core.steps.ExecutedStepDescription@4a77e30c
feb 18, 2022 11:02:34 PM org.openqa.selenium.remote.DesiredCapabilities chrome
INFORMACIÓN: Using `new ChromeOptions()` is preferred to `DesiredCapabilities.chrome()`
[Test worker] INFO net.serenitybdd.core.webdriver.driverproviders.ProvideNewDriver - Instantiating driver
[Test worker] INFO net.serenitybdd.core.webdriver.driverproviders.ProvideNewDriver - Driver capabilities: Capabilities {acceptInsecureCerts: false, browserName: chrome, chrome.switches: --start-maximized, goog:chromeOptions: {args: [--start-maximized], extensions: []}, loggingPrefs: org.openqa.selenium.logging..., platform: ANY, version: }
Starting ChromeDriver 98.0.4758.102 (273bf7ac8c909cde36982d27f66f3c70846a3718-refs/branch-heads/4758@{#1151}) on port 46278
Only local connections are allowed.
Please see https://chromedriver.chromium.org/security-considerations for suggestions on keeping ChromeDriver safe.
ChromeDriver was started successfully.
feb 18, 2022 11:02:35 PM org.openqa.selenium.remote.ProtocolHandshake createSession
INFORMACIÓN: Detected dialect: W3C
[Test worker] WARN net.thucydides.core.steps.BaseStepListener - stepFinished: current outcome:Check message when sending the empty form:Given validate the fields
| strUsuario | strClave |
| demo | demo | [Joel open up [Joel opens the Color lib page]]
[Test worker] WARN net.thucydides.core.steps.BaseStepListener - stepFinished: current outcome:Check message when sending the empty form:Given validate the fields
| strUsuario | strClave |
| demo | demo | [Joel open up [Joel opens the Color lib page]]
[Test worker] WARN net.thucydides.core.steps.BaseStepListener - stepStarted: net.thucydides.core.steps.ExecutedStepDescription@562521ee
[Test worker] WARN net.thucydides.core.steps.BaseStepListener - stepStarted: net.thucydides.core.steps.ExecutedStepDescription@1a22f293
[Test worker] WARN net.thucydides.core.steps.BaseStepListener - stepFinished: current outcome:Check message when sending the empty form:Given validate the fields
| strUsuario | strClave |
| demo | demo | [Joel open up [Joel opens the Color lib page], Joel login [Joel enters 'demo' into Campo para ingresar el nombre de usuario]]
[Test worker] WARN net.thucydides.core.steps.BaseStepListener - stepStarted: net.thucydides.core.steps.ExecutedStepDescription@5533a675
[Test worker] WARN net.thucydides.core.steps.BaseStepListener - stepFinished: current outcome:Check message when sending the empty form:Given validate the fields
| strUsuario | strClave |
| demo | demo | [Joel open up [Joel opens the Color lib page], Joel login [Joel enters 'demo' into Campo para ingresar el nombre de usuario, Joel enters 'demo' into Campo para ingresar el nombre del usuario]]
[Test worker] WARN net.thucydides.core.steps.BaseStepListener - stepStarted: net.thucydides.core.steps.ExecutedStepDescription@3e8b52a1
[Test worker] WARN net.thucydides.core.steps.BaseStepListener - stepFinished: current outcome:Check message when sending the empty form:Given validate the fields
| strUsuario | strClave |
| demo | demo | [Joel open up [Joel opens the Color lib page], Joel login [Joel enters 'demo' into Campo para ingresar el nombre de usuario, Joel enters 'demo' into Campo para ingresar el nombre del usuario, Joel clicks on Campo para ingresar el nombre del usuario]]
[Test worker] WARN net.thucydides.core.steps.BaseStepListener - stepFinished: current outcome:Check message when sending the empty form:Given validate the fields
| strUsuario | strClave |
| demo | demo | [Joel open up [Joel opens the Color lib page], Joel login [Joel enters 'demo' into Campo para ingresar el nombre de usuario, Joel enters 'demo' into Campo para ingresar el nombre del usuario, Joel clicks on Campo para ingresar el nombre del usuario]]
[Test worker] WARN net.thucydides.core.steps.BaseStepListener - stepStarted: net.thucydides.core.steps.ExecutedStepDescription@4aa7821f
[Test worker] WARN net.thucydides.core.steps.BaseStepListener - stepStarted: net.thucydides.core.steps.ExecutedStepDescription@e015a91
[Test worker] WARN net.thucydides.core.steps.BaseStepListener - stepFinished: current outcome:Check message when sending the empty form:Given validate the fields
| strUsuario | strClave |
| demo | demo | [Joel open up [Joel opens the Color lib page], Joel login [Joel enters 'demo' into Campo para ingresar el nombre de usuario, Joel enters 'demo' into Campo para ingresar el nombre del usuario, Joel clicks on Campo para ingresar el nombre del usuario], Joel ingresar [Joel clicks on Seleccionar el menu de formularios]]
[Test worker] WARN net.thucydides.core.steps.BaseStepListener - stepStarted: net.thucydides.core.steps.ExecutedStepDescription@50322916
[Test worker] WARN net.thucydides.core.steps.BaseStepListener - stepFinished: current outcome:Check message when sending the empty form:Given validate the fields
| strUsuario | strClave |
| demo | demo | [Joel open up [Joel opens the Color lib page], Joel login [Joel enters 'demo' into Campo para ingresar el nombre de usuario, Joel enters 'demo' into Campo para ingresar el nombre del usuario, Joel clicks on Campo para ingresar el nombre del usuario], Joel ingresar [Joel clicks on Seleccionar el menu de formularios, Joel clicks on Seleccionar el formulario de validacion]]
[Test worker] WARN net.thucydides.core.steps.BaseStepListener - stepFinished: current outcome:Check message when sending the empty form:Given validate the fields
| strUsuario | strClave |
| demo | demo | [Joel open up [Joel opens the Color lib page], Joel login [Joel enters 'demo' into Campo para ingresar el nombre de usuario, Joel enters 'demo' into Campo para ingresar el nombre del usuario, Joel clicks on Campo para ingresar el nombre del usuario], Joel ingresar [Joel clicks on Seleccionar el menu de formularios, Joel clicks on Seleccionar el formulario de validacion]]
[Test worker] WARN net.thucydides.core.steps.BaseStepListener - stepFinished: current outcome:Check message when sending the empty form:Given validate the fields
| strUsuario | strClave |
| demo | demo | [Joel open up [Joel opens the Color lib page], Joel login [Joel enters 'demo' into Campo para ingresar el nombre de usuario, Joel enters 'demo' into Campo para ingresar el nombre del usuario, Joel clicks on Campo para ingresar el nombre del usuario], Joel ingresar [Joel clicks on Seleccionar el menu de formularios, Joel clicks on Seleccionar el formulario de validacion]]
[Test worker] WARN net.thucydides.core.steps.BaseStepListener - stepStarted: net.thucydides.core.steps.ExecutedStepDescription@5f50fc40
[Test worker] WARN net.thucydides.core.steps.BaseStepListener - stepStarted: net.thucydides.core.steps.ExecutedStepDescription@1f06fa77
[Test worker] WARN net.thucydides.core.steps.BaseStepListener - stepStarted: net.thucydides.core.steps.ExecutedStepDescription@2075df84
[Test worker] WARN net.thucydides.core.steps.BaseStepListener - stepFinished: current outcome:Check message when sending the empty form:Given validate the fields
| strUsuario | strClave |
| demo | demo | [Joel open up [Joel opens the Color lib page], Joel login [Joel enters 'demo' into Campo para ingresar el nombre de usuario, Joel enters 'demo' into Campo para ingresar el nombre del usuario, Joel clicks on Campo para ingresar el nombre del usuario], Joel ingresar [Joel clicks on Seleccionar el menu de formularios, Joel clicks on Seleccionar el formulario de validacion]], When save the form without filling in the fields [Joel formulario empty [Joel clicks on Boton para validar la informacion]]
[Test worker] WARN net.thucydides.core.steps.BaseStepListener - stepFinished: current outcome:Check message when sending the empty form:Given validate the fields
| strUsuario | strClave |
| demo | demo | [Joel open up [Joel opens the Color lib page], Joel login [Joel enters 'demo' into Campo para ingresar el nombre de usuario, Joel enters 'demo' into Campo para ingresar el nombre del usuario, Joel clicks on Campo para ingresar el nombre del usuario], Joel ingresar [Joel clicks on Seleccionar el menu de formularios, Joel clicks on Seleccionar el formulario de validacion]], When save the form without filling in the fields [Joel formulario empty [Joel clicks on Boton para validar la informacion]]
[Test worker] WARN net.thucydides.core.steps.BaseStepListener - stepFinished: current outcome:Check message when sending the empty form:Given validate the fields
| strUsuario | strClave |
| demo | demo | [Joel open up [Joel opens the Color lib page], Joel login [Joel enters 'demo' into Campo para ingresar el nombre de usuario, Joel enters 'demo' into Campo para ingresar el nombre del usuario, Joel clicks on Campo para ingresar el nombre del usuario], Joel ingresar [Joel clicks on Seleccionar el menu de formularios, Joel clicks on Seleccionar el formulario de validacion]], When save the form without filling in the fields [Joel formulario empty [Joel clicks on Boton para validar la informacion]]
[Test worker] WARN net.thucydides.core.steps.BaseStepListener - stepStarted: net.thucydides.core.steps.ExecutedStepDescription@4f33e43
[Test worker] WARN net.thucydides.core.steps.BaseStepListener - stepStarted: net.thucydides.core.steps.ExecutedStepDescription@5de9e76d
[Test worker] WARN net.thucydides.core.steps.BaseStepListener - stepFinished: current outcome:Check message when sending the empty form:Given validate the fields
| strUsuario | strClave |
| demo | demo | [Joel open up [Joel opens the Color lib page], Joel login [Joel enters 'demo' into Campo para ingresar el nombre de usuario, Joel enters 'demo' into Campo para ingresar el nombre del usuario, Joel clicks on Campo para ingresar el nombre del usuario], Joel ingresar [Joel clicks on Seleccionar el menu de formularios, Joel clicks on Seleccionar el formulario de validacion]], When save the form without filling in the fields [Joel formulario empty [Joel clicks on Boton para validar la informacion]], Then check the field validation message
| strCampoRequerido |
| This field is required. | [Then answer empty]
[Test worker] WARN net.thucydides.core.steps.BaseStepListener - stepFinished: current outcome:Check message when sending the empty form:Given validate the fields
| strUsuario | strClave |
| demo | demo | [Joel open up [Joel opens the Color lib page], Joel login [Joel enters 'demo' into Campo para ingresar el nombre de usuario, Joel enters 'demo' into Campo para ingresar el nombre del usuario, Joel clicks on Campo para ingresar el nombre del usuario], Joel ingresar [Joel clicks on Seleccionar el menu de formularios, Joel clicks on Seleccionar el formulario de validacion]], When save the form without filling in the fields [Joel formulario empty [Joel clicks on Boton para validar la informacion]], Then check the field validation message
| strCampoRequerido |
| This field is required. | [Then answer empty]
[Test worker] WARN net.thucydides.core.steps.BaseStepListener - testFinished: Check message when sending the empty form:Given validate the fields
| strUsuario | strClave |
| demo | demo | [Joel open up [Joel opens the Color lib page], Joel login [Joel enters 'demo' into Campo para ingresar el nombre de usuario, Joel enters 'demo' into Campo para ingresar el nombre del usuario, Joel clicks on Campo para ingresar el nombre del usuario], Joel ingresar [Joel clicks on Seleccionar el menu de formularios, Joel clicks on Seleccionar el formulario de validacion]], When save the form without filling in the fields [Joel formulario empty [Joel clicks on Boton para validar la informacion]], Then check the field validation message
| strCampoRequerido |
| This field is required. | [Then answer empty]
[Test worker] WARN net.thucydides.core.steps.BaseStepListener - TestOutcomes: [Verify the completion of the Block Validation screen:Given Joel logs in to the colorlib page
| strUsuario | strClave |
| demo | demo | [Joel open up [Joel opens the Color lib page], Joel login [Joel enters 'demo' into Campo para ingresar el nombre de usuario, Joel enters 'demo' into Campo para ingresar el nombre del usuario, Joel clicks on Campo para ingresar el nombre del usuario]], When Enter Block Validation Functionality [Joel ingresar [Joel clicks on Seleccionar el menu de formularios, Joel clicks on Seleccionar el formulario de validacion]], And Enter all the required information
| strRequired | strEmail | strPassword | strCPassword | strDate | strUrl | strDigits | strRange |
| Joel | joel1@gamil.com | 12345@JDRH | 12345@JDRH | 24081998 | https://www.hola2.com | 123 | 7 | [Joel formulario [Joel enters 'Joel' into Campo para ingresar el nombre, Joel enters 'joel1@gamil.com' into Campo para ingresar el email, Joel enters '12345@JDRH' into Campo para ingresar la clave, Joel enters '12345@JDRH' into Campo para confirmar la clave, Joel enters '24081998' into Campo para ingresar la fecha, Joel enters 'https://www.hola2.com' into Campo para ingresar la Url, Joel enters '123' into Campo para ingresar los digitos, Joel enters '7' into Campo para ingresar el rango, Joel clicks on Marcamos para aceptar las politicas, Joel clicks on Boton para validar la informacion]], Then Check Answer
| strTextValidation |
|  | [Then answer], Check message when sending the empty form:Given validate the fields
| strUsuario | strClave |
| demo | demo | [Joel open up [Joel opens the Color lib page], Joel login [Joel enters 'demo' into Campo para ingresar el nombre de usuario, Joel enters 'demo' into Campo para ingresar el nombre del usuario, Joel clicks on Campo para ingresar el nombre del usuario], Joel ingresar [Joel clicks on Seleccionar el menu de formularios, Joel clicks on Seleccionar el formulario de validacion]], When save the form without filling in the fields [Joel formulario empty [Joel clicks on Boton para validar la informacion]], Then check the field validation message
| strCampoRequerido |
| This field is required. | [Then answer empty]]
[Test worker] WARN net.thucydides.core.steps.BaseStepListener - Final testOutcomes: [Verify the completion of the Block Validation screen:Given Joel logs in to the colorlib page
| strUsuario | strClave |
| demo | demo | [Joel open up [Joel opens the Color lib page], Joel login [Joel enters 'demo' into Campo para ingresar el nombre de usuario, Joel enters 'demo' into Campo para ingresar el nombre del usuario, Joel clicks on Campo para ingresar el nombre del usuario]], When Enter Block Validation Functionality [Joel ingresar [Joel clicks on Seleccionar el menu de formularios, Joel clicks on Seleccionar el formulario de validacion]], And Enter all the required information
| strRequired | strEmail | strPassword | strCPassword | strDate | strUrl | strDigits | strRange |
| Joel | joel1@gamil.com | 12345@JDRH | 12345@JDRH | 24081998 | https://www.hola2.com | 123 | 7 | [Joel formulario [Joel enters 'Joel' into Campo para ingresar el nombre, Joel enters 'joel1@gamil.com' into Campo para ingresar el email, Joel enters '12345@JDRH' into Campo para ingresar la clave, Joel enters '12345@JDRH' into Campo para confirmar la clave, Joel enters '24081998' into Campo para ingresar la fecha, Joel enters 'https://www.hola2.com' into Campo para ingresar la Url, Joel enters '123' into Campo para ingresar los digitos, Joel enters '7' into Campo para ingresar el rango, Joel clicks on Marcamos para aceptar las politicas, Joel clicks on Boton para validar la informacion]], Then Check Answer
| strTextValidation |
|  | [Then answer], Check message when sending the empty form:Given validate the fields
| strUsuario | strClave |
| demo | demo | [Joel open up [Joel opens the Color lib page], Joel login [Joel enters 'demo' into Campo para ingresar el nombre de usuario, Joel enters 'demo' into Campo para ingresar el nombre del usuario, Joel clicks on Campo para ingresar el nombre del usuario], Joel ingresar [Joel clicks on Seleccionar el menu de formularios, Joel clicks on Seleccionar el formulario de validacion]], When save the form without filling in the fields [Joel formulario empty [Joel clicks on Boton para validar la informacion]], Then check the field validation message
| strCampoRequerido |
| This field is required. | [Then answer empty]]
[Test worker] INFO net.thucydides.core.steps.ConsoleLoggingListener - 
        __    _____ _____ ____ _____   ____   _    ____  ____  _____ ____  
  _     \ \  |_   _| ____/ ___|_   _| |  _ \ / \  / ___|/ ___|| ____|  _ \ 
 (_)_____| |   | | |  _| \___ \ | |   | |_) / _ \ \___ \\___ \|  _| | | | |
  _|_____| |   | | | |___ ___) || |   |  __/ ___ \ ___) |___) | |___| |_| |
 (_)     | |   |_| |_____|____/ |_|   |_| /_/   \_\____/|____/|_____|____/ 
        /_/                                                                

TEST PASSED: Check message when sending the empty form
----------------------------------------------------------------------------
[Test worker] WARN net.thucydides.core.steps.BaseStepListener - stepStarted: net.thucydides.core.steps.ExecutedStepDescription@212a96d1
[Test worker] WARN net.thucydides.core.steps.BaseStepListener - stepStarted: net.thucydides.core.steps.ExecutedStepDescription@73636c8
[Test worker] WARN net.thucydides.core.steps.BaseStepListener - stepStarted: net.thucydides.core.steps.ExecutedStepDescription@45959c20
feb 18, 2022 11:02:45 PM org.openqa.selenium.remote.DesiredCapabilities chrome
INFORMACIÓN: Using `new ChromeOptions()` is preferred to `DesiredCapabilities.chrome()`
[Test worker] INFO net.serenitybdd.core.webdriver.driverproviders.ProvideNewDriver - Instantiating driver
[Test worker] INFO net.serenitybdd.core.webdriver.driverproviders.ProvideNewDriver - Driver capabilities: Capabilities {acceptInsecureCerts: false, browserName: chrome, chrome.switches: --start-maximized, goog:chromeOptions: {args: [--start-maximized], extensions: []}, loggingPrefs: org.openqa.selenium.logging..., platform: ANY, version: }
Starting ChromeDriver 98.0.4758.102 (273bf7ac8c909cde36982d27f66f3c70846a3718-refs/branch-heads/4758@{#1151}) on port 35111
Only local connections are allowed.
Please see https://chromedriver.chromium.org/security-considerations for suggestions on keeping ChromeDriver safe.
ChromeDriver was started successfully.
feb 18, 2022 11:02:46 PM org.openqa.selenium.remote.ProtocolHandshake createSession
INFORMACIÓN: Detected dialect: W3C
[Test worker] WARN net.thucydides.core.steps.BaseStepListener - stepFinished: current outcome:Check the format of the email field:Given Joel want to verify that the email field is valid
| strUsuario | strClave |
| demo | demo | [Joel open up [Joel opens the Color lib page]]
[Test worker] WARN net.thucydides.core.steps.BaseStepListener - stepFinished: current outcome:Check the format of the email field:Given Joel want to verify that the email field is valid
| strUsuario | strClave |
| demo | demo | [Joel open up [Joel opens the Color lib page]]
[Test worker] WARN net.thucydides.core.steps.BaseStepListener - stepStarted: net.thucydides.core.steps.ExecutedStepDescription@300b325
[Test worker] WARN net.thucydides.core.steps.BaseStepListener - stepStarted: net.thucydides.core.steps.ExecutedStepDescription@4f7c5379
[Test worker] WARN net.thucydides.core.steps.BaseStepListener - stepFinished: current outcome:Check the format of the email field:Given Joel want to verify that the email field is valid
| strUsuario | strClave |
| demo | demo | [Joel open up [Joel opens the Color lib page], Joel login [Joel enters 'demo' into Campo para ingresar el nombre de usuario]]
[Test worker] WARN net.thucydides.core.steps.BaseStepListener - stepStarted: net.thucydides.core.steps.ExecutedStepDescription@131d1eb9
[Test worker] WARN net.thucydides.core.steps.BaseStepListener - stepFinished: current outcome:Check the format of the email field:Given Joel want to verify that the email field is valid
| strUsuario | strClave |
| demo | demo | [Joel open up [Joel opens the Color lib page], Joel login [Joel enters 'demo' into Campo para ingresar el nombre de usuario, Joel enters 'demo' into Campo para ingresar el nombre del usuario]]
[Test worker] WARN net.thucydides.core.steps.BaseStepListener - stepStarted: net.thucydides.core.steps.ExecutedStepDescription@3ad81668
[Test worker] WARN net.thucydides.core.steps.BaseStepListener - stepFinished: current outcome:Check the format of the email field:Given Joel want to verify that the email field is valid
| strUsuario | strClave |
| demo | demo | [Joel open up [Joel opens the Color lib page], Joel login [Joel enters 'demo' into Campo para ingresar el nombre de usuario, Joel enters 'demo' into Campo para ingresar el nombre del usuario, Joel clicks on Campo para ingresar el nombre del usuario]]
[Test worker] WARN net.thucydides.core.steps.BaseStepListener - stepFinished: current outcome:Check the format of the email field:Given Joel want to verify that the email field is valid
| strUsuario | strClave |
| demo | demo | [Joel open up [Joel opens the Color lib page], Joel login [Joel enters 'demo' into Campo para ingresar el nombre de usuario, Joel enters 'demo' into Campo para ingresar el nombre del usuario, Joel clicks on Campo para ingresar el nombre del usuario]]
[Test worker] WARN net.thucydides.core.steps.BaseStepListener - stepStarted: net.thucydides.core.steps.ExecutedStepDescription@62d7a2b9
[Test worker] WARN net.thucydides.core.steps.BaseStepListener - stepStarted: net.thucydides.core.steps.ExecutedStepDescription@9a03054
[Test worker] WARN net.thucydides.core.steps.BaseStepListener - stepFinished: current outcome:Check the format of the email field:Given Joel want to verify that the email field is valid
| strUsuario | strClave |
| demo | demo | [Joel open up [Joel opens the Color lib page], Joel login [Joel enters 'demo' into Campo para ingresar el nombre de usuario, Joel enters 'demo' into Campo para ingresar el nombre del usuario, Joel clicks on Campo para ingresar el nombre del usuario], Joel ingresar [Joel clicks on Seleccionar el menu de formularios]]
[Test worker] WARN net.thucydides.core.steps.BaseStepListener - stepStarted: net.thucydides.core.steps.ExecutedStepDescription@681fd297
[Test worker] WARN net.thucydides.core.steps.BaseStepListener - stepFinished: current outcome:Check the format of the email field:Given Joel want to verify that the email field is valid
| strUsuario | strClave |
| demo | demo | [Joel open up [Joel opens the Color lib page], Joel login [Joel enters 'demo' into Campo para ingresar el nombre de usuario, Joel enters 'demo' into Campo para ingresar el nombre del usuario, Joel clicks on Campo para ingresar el nombre del usuario], Joel ingresar [Joel clicks on Seleccionar el menu de formularios, Joel clicks on Seleccionar el formulario de validacion]]
[Test worker] WARN net.thucydides.core.steps.BaseStepListener - stepFinished: current outcome:Check the format of the email field:Given Joel want to verify that the email field is valid
| strUsuario | strClave |
| demo | demo | [Joel open up [Joel opens the Color lib page], Joel login [Joel enters 'demo' into Campo para ingresar el nombre de usuario, Joel enters 'demo' into Campo para ingresar el nombre del usuario, Joel clicks on Campo para ingresar el nombre del usuario], Joel ingresar [Joel clicks on Seleccionar el menu de formularios, Joel clicks on Seleccionar el formulario de validacion]]
[Test worker] WARN net.thucydides.core.steps.BaseStepListener - stepFinished: current outcome:Check the format of the email field:Given Joel want to verify that the email field is valid
| strUsuario | strClave |
| demo | demo | [Joel open up [Joel opens the Color lib page], Joel login [Joel enters 'demo' into Campo para ingresar el nombre de usuario, Joel enters 'demo' into Campo para ingresar el nombre del usuario, Joel clicks on Campo para ingresar el nombre del usuario], Joel ingresar [Joel clicks on Seleccionar el menu de formularios, Joel clicks on Seleccionar el formulario de validacion]]
[Test worker] WARN net.thucydides.core.steps.BaseStepListener - stepStarted: net.thucydides.core.steps.ExecutedStepDescription@1c3a8b74
[Test worker] WARN net.thucydides.core.steps.BaseStepListener - stepStarted: net.thucydides.core.steps.ExecutedStepDescription@713fb03d
[Test worker] WARN net.thucydides.core.steps.BaseStepListener - stepStarted: net.thucydides.core.steps.ExecutedStepDescription@6cfb0151
[Test worker] WARN net.thucydides.core.steps.BaseStepListener - stepFinished: current outcome:Check the format of the email field:Given Joel want to verify that the email field is valid
| strUsuario | strClave |
| demo | demo | [Joel open up [Joel opens the Color lib page], Joel login [Joel enters 'demo' into Campo para ingresar el nombre de usuario, Joel enters 'demo' into Campo para ingresar el nombre del usuario, Joel clicks on Campo para ingresar el nombre del usuario], Joel ingresar [Joel clicks on Seleccionar el menu de formularios, Joel clicks on Seleccionar el formulario de validacion]], When enter a wrong email in the field
| strRequired | strEmail | strPassword | strCPassword | strDate | strUrl | strDigits | strRange |
| Joel | gamil.com | 12345@JDRH | 12345@JDRH | 24081998 | https://www.hola2.com | 123 | 7 | [Joel formulario [Joel enters 'Joel' into Campo para ingresar el nombre]]
[Test worker] WARN net.thucydides.core.steps.BaseStepListener - stepStarted: net.thucydides.core.steps.ExecutedStepDescription@1eefd20e
[Test worker] WARN net.thucydides.core.steps.BaseStepListener - stepFinished: current outcome:Check the format of the email field:Given Joel want to verify that the email field is valid
| strUsuario | strClave |
| demo | demo | [Joel open up [Joel opens the Color lib page], Joel login [Joel enters 'demo' into Campo para ingresar el nombre de usuario, Joel enters 'demo' into Campo para ingresar el nombre del usuario, Joel clicks on Campo para ingresar el nombre del usuario], Joel ingresar [Joel clicks on Seleccionar el menu de formularios, Joel clicks on Seleccionar el formulario de validacion]], When enter a wrong email in the field
| strRequired | strEmail | strPassword | strCPassword | strDate | strUrl | strDigits | strRange |
| Joel | gamil.com | 12345@JDRH | 12345@JDRH | 24081998 | https://www.hola2.com | 123 | 7 | [Joel formulario [Joel enters 'Joel' into Campo para ingresar el nombre, Joel enters 'gamil.com' into Campo para ingresar el email]]
[Test worker] WARN net.thucydides.core.steps.BaseStepListener - stepStarted: net.thucydides.core.steps.ExecutedStepDescription@2e27e182
[Test worker] WARN net.thucydides.core.steps.BaseStepListener - stepFinished: current outcome:Check the format of the email field:Given Joel want to verify that the email field is valid
| strUsuario | strClave |
| demo | demo | [Joel open up [Joel opens the Color lib page], Joel login [Joel enters 'demo' into Campo para ingresar el nombre de usuario, Joel enters 'demo' into Campo para ingresar el nombre del usuario, Joel clicks on Campo para ingresar el nombre del usuario], Joel ingresar [Joel clicks on Seleccionar el menu de formularios, Joel clicks on Seleccionar el formulario de validacion]], When enter a wrong email in the field
| strRequired | strEmail | strPassword | strCPassword | strDate | strUrl | strDigits | strRange |
| Joel | gamil.com | 12345@JDRH | 12345@JDRH | 24081998 | https://www.hola2.com | 123 | 7 | [Joel formulario [Joel enters 'Joel' into Campo para ingresar el nombre, Joel enters 'gamil.com' into Campo para ingresar el email, Joel enters '12345@JDRH' into Campo para ingresar la clave]]
[Test worker] WARN net.thucydides.core.steps.BaseStepListener - stepStarted: net.thucydides.core.steps.ExecutedStepDescription@4e33e69d
[Test worker] WARN net.thucydides.core.steps.BaseStepListener - stepFinished: current outcome:Check the format of the email field:Given Joel want to verify that the email field is valid
| strUsuario | strClave |
| demo | demo | [Joel open up [Joel opens the Color lib page], Joel login [Joel enters 'demo' into Campo para ingresar el nombre de usuario, Joel enters 'demo' into Campo para ingresar el nombre del usuario, Joel clicks on Campo para ingresar el nombre del usuario], Joel ingresar [Joel clicks on Seleccionar el menu de formularios, Joel clicks on Seleccionar el formulario de validacion]], When enter a wrong email in the field
| strRequired | strEmail | strPassword | strCPassword | strDate | strUrl | strDigits | strRange |
| Joel | gamil.com | 12345@JDRH | 12345@JDRH | 24081998 | https://www.hola2.com | 123 | 7 | [Joel formulario [Joel enters 'Joel' into Campo para ingresar el nombre, Joel enters 'gamil.com' into Campo para ingresar el email, Joel enters '12345@JDRH' into Campo para ingresar la clave, Joel enters '12345@JDRH' into Campo para confirmar la clave]]
[Test worker] WARN net.thucydides.core.steps.BaseStepListener - stepStarted: net.thucydides.core.steps.ExecutedStepDescription@40c7d276
[Test worker] WARN net.thucydides.core.steps.BaseStepListener - stepFinished: current outcome:Check the format of the email field:Given Joel want to verify that the email field is valid
| strUsuario | strClave |
| demo | demo | [Joel open up [Joel opens the Color lib page], Joel login [Joel enters 'demo' into Campo para ingresar el nombre de usuario, Joel enters 'demo' into Campo para ingresar el nombre del usuario, Joel clicks on Campo para ingresar el nombre del usuario], Joel ingresar [Joel clicks on Seleccionar el menu de formularios, Joel clicks on Seleccionar el formulario de validacion]], When enter a wrong email in the field
| strRequired | strEmail | strPassword | strCPassword | strDate | strUrl | strDigits | strRange |
| Joel | gamil.com | 12345@JDRH | 12345@JDRH | 24081998 | https://www.hola2.com | 123 | 7 | [Joel formulario [Joel enters 'Joel' into Campo para ingresar el nombre, Joel enters 'gamil.com' into Campo para ingresar el email, Joel enters '12345@JDRH' into Campo para ingresar la clave, Joel enters '12345@JDRH' into Campo para confirmar la clave, Joel enters '24081998' into Campo para ingresar la fecha]]
[Test worker] WARN net.thucydides.core.steps.BaseStepListener - stepStarted: net.thucydides.core.steps.ExecutedStepDescription@39784889
[Test worker] WARN net.thucydides.core.steps.BaseStepListener - stepFinished: current outcome:Check the format of the email field:Given Joel want to verify that the email field is valid
| strUsuario | strClave |
| demo | demo | [Joel open up [Joel opens the Color lib page], Joel login [Joel enters 'demo' into Campo para ingresar el nombre de usuario, Joel enters 'demo' into Campo para ingresar el nombre del usuario, Joel clicks on Campo para ingresar el nombre del usuario], Joel ingresar [Joel clicks on Seleccionar el menu de formularios, Joel clicks on Seleccionar el formulario de validacion]], When enter a wrong email in the field
| strRequired | strEmail | strPassword | strCPassword | strDate | strUrl | strDigits | strRange |
| Joel | gamil.com | 12345@JDRH | 12345@JDRH | 24081998 | https://www.hola2.com | 123 | 7 | [Joel formulario [Joel enters 'Joel' into Campo para ingresar el nombre, Joel enters 'gamil.com' into Campo para ingresar el email, Joel enters '12345@JDRH' into Campo para ingresar la clave, Joel enters '12345@JDRH' into Campo para confirmar la clave, Joel enters '24081998' into Campo para ingresar la fecha, Joel enters 'https://www.hola2.com' into Campo para ingresar la Url]]
[Test worker] WARN net.thucydides.core.steps.BaseStepListener - stepStarted: net.thucydides.core.steps.ExecutedStepDescription@271b7e74
[Test worker] WARN net.thucydides.core.steps.BaseStepListener - stepFinished: current outcome:Check the format of the email field:Given Joel want to verify that the email field is valid
| strUsuario | strClave |
| demo | demo | [Joel open up [Joel opens the Color lib page], Joel login [Joel enters 'demo' into Campo para ingresar el nombre de usuario, Joel enters 'demo' into Campo para ingresar el nombre del usuario, Joel clicks on Campo para ingresar el nombre del usuario], Joel ingresar [Joel clicks on Seleccionar el menu de formularios, Joel clicks on Seleccionar el formulario de validacion]], When enter a wrong email in the field
| strRequired | strEmail | strPassword | strCPassword | strDate | strUrl | strDigits | strRange |
| Joel | gamil.com | 12345@JDRH | 12345@JDRH | 24081998 | https://www.hola2.com | 123 | 7 | [Joel formulario [Joel enters 'Joel' into Campo para ingresar el nombre, Joel enters 'gamil.com' into Campo para ingresar el email, Joel enters '12345@JDRH' into Campo para ingresar la clave, Joel enters '12345@JDRH' into Campo para confirmar la clave, Joel enters '24081998' into Campo para ingresar la fecha, Joel enters 'https://www.hola2.com' into Campo para ingresar la Url, Joel enters '123' into Campo para ingresar los digitos]]
[Test worker] WARN net.thucydides.core.steps.BaseStepListener - stepStarted: net.thucydides.core.steps.ExecutedStepDescription@7f5b6503
[Test worker] WARN net.thucydides.core.steps.BaseStepListener - stepFinished: current outcome:Check the format of the email field:Given Joel want to verify that the email field is valid
| strUsuario | strClave |
| demo | demo | [Joel open up [Joel opens the Color lib page], Joel login [Joel enters 'demo' into Campo para ingresar el nombre de usuario, Joel enters 'demo' into Campo para ingresar el nombre del usuario, Joel clicks on Campo para ingresar el nombre del usuario], Joel ingresar [Joel clicks on Seleccionar el menu de formularios, Joel clicks on Seleccionar el formulario de validacion]], When enter a wrong email in the field
| strRequired | strEmail | strPassword | strCPassword | strDate | strUrl | strDigits | strRange |
| Joel | gamil.com | 12345@JDRH | 12345@JDRH | 24081998 | https://www.hola2.com | 123 | 7 | [Joel formulario [Joel enters 'Joel' into Campo para ingresar el nombre, Joel enters 'gamil.com' into Campo para ingresar el email, Joel enters '12345@JDRH' into Campo para ingresar la clave, Joel enters '12345@JDRH' into Campo para confirmar la clave, Joel enters '24081998' into Campo para ingresar la fecha, Joel enters 'https://www.hola2.com' into Campo para ingresar la Url, Joel enters '123' into Campo para ingresar los digitos, Joel enters '7' into Campo para ingresar el rango]]
[Test worker] WARN net.thucydides.core.steps.BaseStepListener - stepStarted: net.thucydides.core.steps.ExecutedStepDescription@37e27334
[Test worker] WARN net.thucydides.core.steps.BaseStepListener - stepFinished: current outcome:Check the format of the email field:Given Joel want to verify that the email field is valid
| strUsuario | strClave |
| demo | demo | [Joel open up [Joel opens the Color lib page], Joel login [Joel enters 'demo' into Campo para ingresar el nombre de usuario, Joel enters 'demo' into Campo para ingresar el nombre del usuario, Joel clicks on Campo para ingresar el nombre del usuario], Joel ingresar [Joel clicks on Seleccionar el menu de formularios, Joel clicks on Seleccionar el formulario de validacion]], When enter a wrong email in the field
| strRequired | strEmail | strPassword | strCPassword | strDate | strUrl | strDigits | strRange |
| Joel | gamil.com | 12345@JDRH | 12345@JDRH | 24081998 | https://www.hola2.com | 123 | 7 | [Joel formulario [Joel enters 'Joel' into Campo para ingresar el nombre, Joel enters 'gamil.com' into Campo para ingresar el email, Joel enters '12345@JDRH' into Campo para ingresar la clave, Joel enters '12345@JDRH' into Campo para confirmar la clave, Joel enters '24081998' into Campo para ingresar la fecha, Joel enters 'https://www.hola2.com' into Campo para ingresar la Url, Joel enters '123' into Campo para ingresar los digitos, Joel enters '7' into Campo para ingresar el rango, Joel clicks on Marcamos para aceptar las politicas]]
[Test worker] WARN net.thucydides.core.steps.BaseStepListener - stepStarted: net.thucydides.core.steps.ExecutedStepDescription@77262a8a
[Test worker] WARN net.thucydides.core.steps.BaseStepListener - stepFinished: current outcome:Check the format of the email field:Given Joel want to verify that the email field is valid
| strUsuario | strClave |
| demo | demo | [Joel open up [Joel opens the Color lib page], Joel login [Joel enters 'demo' into Campo para ingresar el nombre de usuario, Joel enters 'demo' into Campo para ingresar el nombre del usuario, Joel clicks on Campo para ingresar el nombre del usuario], Joel ingresar [Joel clicks on Seleccionar el menu de formularios, Joel clicks on Seleccionar el formulario de validacion]], When enter a wrong email in the field
| strRequired | strEmail | strPassword | strCPassword | strDate | strUrl | strDigits | strRange |
| Joel | gamil.com | 12345@JDRH | 12345@JDRH | 24081998 | https://www.hola2.com | 123 | 7 | [Joel formulario [Joel enters 'Joel' into Campo para ingresar el nombre, Joel enters 'gamil.com' into Campo para ingresar el email, Joel enters '12345@JDRH' into Campo para ingresar la clave, Joel enters '12345@JDRH' into Campo para confirmar la clave, Joel enters '24081998' into Campo para ingresar la fecha, Joel enters 'https://www.hola2.com' into Campo para ingresar la Url, Joel enters '123' into Campo para ingresar los digitos, Joel enters '7' into Campo para ingresar el rango, Joel clicks on Marcamos para aceptar las politicas, Joel clicks on Boton para validar la informacion]]
[Test worker] WARN net.thucydides.core.steps.BaseStepListener - stepFinished: current outcome:Check the format of the email field:Given Joel want to verify that the email field is valid
| strUsuario | strClave |
| demo | demo | [Joel open up [Joel opens the Color lib page], Joel login [Joel enters 'demo' into Campo para ingresar el nombre de usuario, Joel enters 'demo' into Campo para ingresar el nombre del usuario, Joel clicks on Campo para ingresar el nombre del usuario], Joel ingresar [Joel clicks on Seleccionar el menu de formularios, Joel clicks on Seleccionar el formulario de validacion]], When enter a wrong email in the field
| strRequired | strEmail | strPassword | strCPassword | strDate | strUrl | strDigits | strRange |
| Joel | gamil.com | 12345@JDRH | 12345@JDRH | 24081998 | https://www.hola2.com | 123 | 7 | [Joel formulario [Joel enters 'Joel' into Campo para ingresar el nombre, Joel enters 'gamil.com' into Campo para ingresar el email, Joel enters '12345@JDRH' into Campo para ingresar la clave, Joel enters '12345@JDRH' into Campo para confirmar la clave, Joel enters '24081998' into Campo para ingresar la fecha, Joel enters 'https://www.hola2.com' into Campo para ingresar la Url, Joel enters '123' into Campo para ingresar los digitos, Joel enters '7' into Campo para ingresar el rango, Joel clicks on Marcamos para aceptar las politicas, Joel clicks on Boton para validar la informacion]]
[Test worker] WARN net.thucydides.core.steps.BaseStepListener - stepFinished: current outcome:Check the format of the email field:Given Joel want to verify that the email field is valid
| strUsuario | strClave |
| demo | demo | [Joel open up [Joel opens the Color lib page], Joel login [Joel enters 'demo' into Campo para ingresar el nombre de usuario, Joel enters 'demo' into Campo para ingresar el nombre del usuario, Joel clicks on Campo para ingresar el nombre del usuario], Joel ingresar [Joel clicks on Seleccionar el menu de formularios, Joel clicks on Seleccionar el formulario de validacion]], When enter a wrong email in the field
| strRequired | strEmail | strPassword | strCPassword | strDate | strUrl | strDigits | strRange |
| Joel | gamil.com | 12345@JDRH | 12345@JDRH | 24081998 | https://www.hola2.com | 123 | 7 | [Joel formulario [Joel enters 'Joel' into Campo para ingresar el nombre, Joel enters 'gamil.com' into Campo para ingresar el email, Joel enters '12345@JDRH' into Campo para ingresar la clave, Joel enters '12345@JDRH' into Campo para confirmar la clave, Joel enters '24081998' into Campo para ingresar la fecha, Joel enters 'https://www.hola2.com' into Campo para ingresar la Url, Joel enters '123' into Campo para ingresar los digitos, Joel enters '7' into Campo para ingresar el rango, Joel clicks on Marcamos para aceptar las politicas, Joel clicks on Boton para validar la informacion]]
[Test worker] WARN net.thucydides.core.steps.BaseStepListener - stepStarted: net.thucydides.core.steps.ExecutedStepDescription@2596f1b4
[Test worker] WARN net.thucydides.core.steps.BaseStepListener - stepStarted: net.thucydides.core.steps.ExecutedStepDescription@8700d48
[Test worker] WARN net.thucydides.core.steps.BaseStepListener - stepFinished: current outcome:Check the format of the email field:Given Joel want to verify that the email field is valid
| strUsuario | strClave |
| demo | demo | [Joel open up [Joel opens the Color lib page], Joel login [Joel enters 'demo' into Campo para ingresar el nombre de usuario, Joel enters 'demo' into Campo para ingresar el nombre del usuario, Joel clicks on Campo para ingresar el nombre del usuario], Joel ingresar [Joel clicks on Seleccionar el menu de formularios, Joel clicks on Seleccionar el formulario de validacion]], When enter a wrong email in the field
| strRequired | strEmail | strPassword | strCPassword | strDate | strUrl | strDigits | strRange |
| Joel | gamil.com | 12345@JDRH | 12345@JDRH | 24081998 | https://www.hola2.com | 123 | 7 | [Joel formulario [Joel enters 'Joel' into Campo para ingresar el nombre, Joel enters 'gamil.com' into Campo para ingresar el email, Joel enters '12345@JDRH' into Campo para ingresar la clave, Joel enters '12345@JDRH' into Campo para confirmar la clave, Joel enters '24081998' into Campo para ingresar la fecha, Joel enters 'https://www.hola2.com' into Campo para ingresar la Url, Joel enters '123' into Campo para ingresar los digitos, Joel enters '7' into Campo para ingresar el rango, Joel clicks on Marcamos para aceptar las politicas, Joel clicks on Boton para validar la informacion]], Then check the validation message in the email field
| strEmailInvalido |
| Please enter a valid email address. | [Then answer email]
[Test worker] WARN net.thucydides.core.steps.BaseStepListener - stepFinished: current outcome:Check the format of the email field:Given Joel want to verify that the email field is valid
| strUsuario | strClave |
| demo | demo | [Joel open up [Joel opens the Color lib page], Joel login [Joel enters 'demo' into Campo para ingresar el nombre de usuario, Joel enters 'demo' into Campo para ingresar el nombre del usuario, Joel clicks on Campo para ingresar el nombre del usuario], Joel ingresar [Joel clicks on Seleccionar el menu de formularios, Joel clicks on Seleccionar el formulario de validacion]], When enter a wrong email in the field
| strRequired | strEmail | strPassword | strCPassword | strDate | strUrl | strDigits | strRange |
| Joel | gamil.com | 12345@JDRH | 12345@JDRH | 24081998 | https://www.hola2.com | 123 | 7 | [Joel formulario [Joel enters 'Joel' into Campo para ingresar el nombre, Joel enters 'gamil.com' into Campo para ingresar el email, Joel enters '12345@JDRH' into Campo para ingresar la clave, Joel enters '12345@JDRH' into Campo para confirmar la clave, Joel enters '24081998' into Campo para ingresar la fecha, Joel enters 'https://www.hola2.com' into Campo para ingresar la Url, Joel enters '123' into Campo para ingresar los digitos, Joel enters '7' into Campo para ingresar el rango, Joel clicks on Marcamos para aceptar las politicas, Joel clicks on Boton para validar la informacion]], Then check the validation message in the email field
| strEmailInvalido |
| Please enter a valid email address. | [Then answer email]
[Test worker] WARN net.thucydides.core.steps.BaseStepListener - testFinished: Check the format of the email field:Given Joel want to verify that the email field is valid
| strUsuario | strClave |
| demo | demo | [Joel open up [Joel opens the Color lib page], Joel login [Joel enters 'demo' into Campo para ingresar el nombre de usuario, Joel enters 'demo' into Campo para ingresar el nombre del usuario, Joel clicks on Campo para ingresar el nombre del usuario], Joel ingresar [Joel clicks on Seleccionar el menu de formularios, Joel clicks on Seleccionar el formulario de validacion]], When enter a wrong email in the field
| strRequired | strEmail | strPassword | strCPassword | strDate | strUrl | strDigits | strRange |
| Joel | gamil.com | 12345@JDRH | 12345@JDRH | 24081998 | https://www.hola2.com | 123 | 7 | [Joel formulario [Joel enters 'Joel' into Campo para ingresar el nombre, Joel enters 'gamil.com' into Campo para ingresar el email, Joel enters '12345@JDRH' into Campo para ingresar la clave, Joel enters '12345@JDRH' into Campo para confirmar la clave, Joel enters '24081998' into Campo para ingresar la fecha, Joel enters 'https://www.hola2.com' into Campo para ingresar la Url, Joel enters '123' into Campo para ingresar los digitos, Joel enters '7' into Campo para ingresar el rango, Joel clicks on Marcamos para aceptar las politicas, Joel clicks on Boton para validar la informacion]], Then check the validation message in the email field
| strEmailInvalido |
| Please enter a valid email address. | [Then answer email]
[Test worker] WARN net.thucydides.core.steps.BaseStepListener - TestOutcomes: [Verify the completion of the Block Validation screen:Given Joel logs in to the colorlib page
| strUsuario | strClave |
[...]
| strEmailInvalido |
| Please enter a valid email address. | [Then answer email], Check the format of the password field:Given Joel want to verify that the password field is valid
| strUsuario | strClave |
| demo | demo | [Joel open up [Joel opens the Color lib page], Joel login [Joel enters 'demo' into Campo para ingresar el nombre de usuario, Joel enters 'demo' into Campo para ingresar el nombre del usuario, Joel clicks on Campo para ingresar el nombre del usuario], Joel ingresar [Joel clicks on Seleccionar el menu de formularios, Joel clicks on Seleccionar el formulario de validacion]], When enter a wrong password in the field
| strRequired | strEmail | strPassword | strCPassword | strDate | strUrl | strDigits | strRange |
| Joel | joel1@gamil.com | 123 | 123 | 24081998 | https://www.hola2.com | 123 | 7 | [Joel formulario [Joel enters 'Joel' into Campo para ingresar el nombre, Joel enters 'joel1@gamil.com' into Campo para ingresar el email, Joel enters '123' into Campo para ingresar la clave, Joel enters '123' into Campo para confirmar la clave, Joel enters '24081998' into Campo para ingresar la fecha, Joel enters 'https://www.hola2.com' into Campo para ingresar la Url, Joel enters '123' into Campo para ingresar los digitos, Joel enters '7' into Campo para ingresar el rango, Joel clicks on Marcamos para aceptar las politicas, Joel clicks on Boton para validar la informacion]], Then check the validation message in the password field
| strPasswordInvalida | strCPasswordInvalida |
| Please enter at least 5 characters. | Please enter at least 5 characters. | [Then answer password], Check the format of the confirm password field:Given Joel want to verify that the confirm password field is valid
| strUsuario | strClave |
| demo | demo | [Joel open up [Joel opens the Color lib page], Joel login [Joel enters 'demo' into Campo para ingresar el nombre de usuario, Joel enters 'demo' into Campo para ingresar el nombre del usuario, Joel clicks on Campo para ingresar el nombre del usuario], Joel ingresar [Joel clicks on Seleccionar el menu de formularios, Joel clicks on Seleccionar el formulario de validacion]], When enter a wrong confirm password in the field
| strRequired | strEmail | strPassword | strCPassword | strDate | strUrl | strDigits | strRange |
| Joel | joel1@gamil.com | 12345@JDRH | 12345@JDRH@ | 24081998 | https://www.hola2.com | 123 | 7 | [Joel formulario [Joel enters 'Joel' into Campo para ingresar el nombre, Joel enters 'joel1@gamil.com' into Campo para ingresar el email, Joel enters '12345@JDRH' into Campo para ingresar la clave, Joel enters '12345@JDRH@' into Campo para confirmar la clave, Joel enters '24081998' into Campo para ingresar la fecha, Joel enters 'https://www.hola2.com' into Campo para ingresar la Url, Joel enters '123' into Campo para ingresar los digitos, Joel enters '7' into Campo para ingresar el rango, Joel clicks on Marcamos para aceptar las politicas, Joel clicks on Boton para validar la informacion]], Then check the validation message in the confirm password field
| strCPasswordInvalida |
| Please enter the same value again. | [Then answer c password], Check the format of the url field:Given Joel want to verify that the url field is valid
| strUsuario | strClave |
| demo | demo | [Joel open up [Joel opens the Color lib page], Joel login [Joel enters 'demo' into Campo para ingresar el nombre de usuario, Joel enters 'demo' into Campo para ingresar el nombre del usuario, Joel clicks on Campo para ingresar el nombre del usuario], Joel ingresar [Joel clicks on Seleccionar el menu de formularios, Joel clicks on Seleccionar el formulario de validacion]], When enter a wrong url in the field
| strRequired | strEmail | strPassword | strCPassword | strDate | strUrl | strDigits | strRange |
| Joel | joel1@gamil.com | 12345@JDRH | 12345@JDRH | 24081998 | hola2.com | 123 | 7 | [Joel formulario [Joel enters 'Joel' into Campo para ingresar el nombre, Joel enters 'joel1@gamil.com' into Campo para ingresar el email, Joel enters '12345@JDRH' into Campo para ingresar la clave, Joel enters '12345@JDRH' into Campo para confirmar la clave, Joel enters '24081998' into Campo para ingresar la fecha, Joel enters 'hola2.com' into Campo para ingresar la Url, Joel enters '123' into Campo para ingresar los digitos, Joel enters '7' into Campo para ingresar el rango, Joel clicks on Marcamos para aceptar las politicas, Joel clicks on Boton para validar la informacion]], Then check the validation message in the url field
| strUrlInvalido |
| Please enter a valid URL. | [Then answer url], Check the format of the only digits field:Given Joel want to verify that the only digits field is valid
| strUsuario | strClave |
| demo | demo | [Joel open up [Joel opens the Color lib page], Joel login [Joel enters 'demo' into Campo para ingresar el nombre de usuario, Joel enters 'demo' into Campo para ingresar el nombre del usuario, Joel clicks on Campo para ingresar el nombre del usuario], Joel ingresar [Joel clicks on Seleccionar el menu de formularios, Joel clicks on Seleccionar el formulario de validacion]], When enter a wrong only digits in the field
| strRequired | strEmail | strPassword | strCPassword | strDate | strUrl | strDigits | strRange |
| Joel | joel1@gamil.com | 12345@JDRH | 12345@JDRH | 24081998 | https://www.hola2.com | ghg | 7 | [Joel formulario [Joel enters 'Joel' into Campo para ingresar el nombre, Joel enters 'joel1@gamil.com' into Campo para ingresar el email, Joel enters '12345@JDRH' into Campo para ingresar la clave, Joel enters '12345@JDRH' into Campo para confirmar la clave, Joel enters '24081998' into Campo para ingresar la fecha, Joel enters 'https://www.hola2.com' into Campo para ingresar la Url, Joel enters 'ghg' into Campo para ingresar los digitos, Joel enters '7' into Campo para ingresar el rango, Joel clicks on Marcamos para aceptar las politicas, Joel clicks on Boton para validar la informacion]], Then check the validation message in the only digits field
| strDigitsInvalido |
| Please enter only digits. | [Then answer digits], Check the format of the range field:Given Joel want to verify that the range field is valid
| strUsuario | strClave |
| demo | demo | [Joel open up [Joel opens the Color lib page], Joel login [Joel enters 'demo' into Campo para ingresar el nombre de usuario, Joel enters 'demo' into Campo para ingresar el nombre del usuario, Joel clicks on Campo para ingresar el nombre del usuario], Joel ingresar [Joel clicks on Seleccionar el menu de formularios, Joel clicks on Seleccionar el formulario de validacion]], When enter a wrong only range in the field
| strRequired | strEmail | strPassword | strCPassword | strDate | strUrl | strDigits | strRange |
| Joel | joel1@gamil.com | 12345@JDRH | 12345@JDRH | 24081998 | https://www.hola2.com | 123 | 1 | [Joel formulario [Joel enters 'Joel' into Campo para ingresar el nombre, Joel enters 'joel1@gamil.com' into Campo para ingresar el email, Joel enters '12345@JDRH' into Campo para ingresar la clave, Joel enters '12345@JDRH' into Campo para confirmar la clave, Joel enters '24081998' into Campo para ingresar la fecha, Joel enters 'https://www.hola2.com' into Campo para ingresar la Url, Joel enters '123' into Campo para ingresar los digitos, Joel enters '1' into Campo para ingresar el rango, Joel clicks on Marcamos para aceptar las politicas, Joel clicks on Boton para validar la informacion]], Then check the validation message in the range field
| strRangeInvalido |
| Please enter a value between 5 and 16. | [Then answer range]]
[Test worker] WARN net.thucydides.core.steps.BaseStepListener - Final testOutcomes: [Verify the completion of the Block Validation screen:Given Joel logs in to the colorlib page
| strUsuario | strClave |
| demo | demo | [Joel open up [Joel opens the Color lib page], Joel login [Joel enters 'demo' into Campo para ingresar el nombre de usuario, Joel enters 'demo' into Campo para ingresar el nombre del usuario, Joel clicks on Campo para ingresar el nombre del usuario]], When Enter Block Validation Functionality [Joel ingresar [Joel clicks on Seleccionar el menu de formularios, Joel clicks on Seleccionar el formulario de validacion]], And Enter all the required information
| strRequired | strEmail | strPassword | strCPassword | strDate | strUrl | strDigits | strRange |
| Joel | joel1@gamil.com | 12345@JDRH | 12345@JDRH | 24081998 | https://www.hola2.com | 123 | 7 | [Joel formulario [Joel enters 'Joel' into Campo para ingresar el nombre, Joel enters 'joel1@gamil.com' into Campo para ingresar el email, Joel enters '12345@JDRH' into Campo para ingresar la clave, Joel enters '12345@JDRH' into Campo para confirmar la clave, Joel enters '24081998' into Campo para ingresar la fecha, Joel enters 'https://www.hola2.com' into Campo para ingresar la Url, Joel enters '123' into Campo para ingresar los digitos, Joel enters '7' into Campo para ingresar el rango, Joel clicks on Marcamos para aceptar las politicas, Joel clicks on Boton para validar la informacion]], Then Check Answer
| strTextValidation |
|  | [Then answer], Check message when sending the empty form:Given validate the fields
| strUsuario | strClave |
| demo | demo | [Joel open up [Joel opens the Color lib page], Joel login [Joel enters 'demo' into Campo para ingresar el nombre de usuario, Joel enters 'demo' into Campo para ingresar el nombre del usuario, Joel clicks on Campo para ingresar el nombre del usuario], Joel ingresar [Joel clicks on Seleccionar el menu de formularios, Joel clicks on Seleccionar el formulario de validacion]], When save the form without filling in the fields [Joel formulario empty [Joel clicks on Boton para validar la informacion]], Then check the field validation message
| strCampoRequerido |
| This field is required. | [Then answer empty], Check the format of the email field:Given Joel want to verify that the email field is valid
| strUsuario | strClave |
| demo | demo | [Joel open up [Joel opens the Color lib page], Joel login [Joel enters 'demo' into Campo para ingresar el nombre de usuario, Joel enters 'demo' into Campo para ingresar el nombre del usuario, Joel clicks on Campo para ingresar el nombre del usuario], Joel ingresar [Joel clicks on Seleccionar el menu de formularios, Joel clicks on Seleccionar el formulario de validacion]], When enter a wrong email in the field
| strRequired | strEmail | strPassword | strCPassword | strDate | strUrl | strDigits | strRange |
| Joel | gamil.com | 12345@JDRH | 12345@JDRH | 24081998 | https://www.hola2.com | 123 | 7 | [Joel formulario [Joel enters 'Joel' into Campo para ingresar el nombre, Joel enters 'gamil.com' into Campo para ingresar el email, Joel enters '12345@JDRH' into Campo para ingresar la clave, Joel enters '12345@JDRH' into Campo para confirmar la clave, Joel enters '24081998' into Campo para ingresar la fecha, Joel enters 'https://www.hola2.com' into Campo para ingresar la Url, Joel enters '123' into Campo para ingresar los digitos, Joel enters '7' into Campo para ingresar el rango, Joel clicks on Marcamos para aceptar las politicas, Joel clicks on Boton para validar la informacion]], Then check the validation message in the email field
| strEmailInvalido |
| Please enter a valid email address. | [Then answer email], Check the format of the password field:Given Joel want to verify that the password field is valid
| strUsuario | strClave |
| demo | demo | [Joel open up [Joel opens the Color lib page], Joel login [Joel enters 'demo' into Campo para ingresar el nombre de usuario, Joel enters 'demo' into Campo para ingresar el nombre del usuario, Joel clicks on Campo para ingresar el nombre del usuario], Joel ingresar [Joel clicks on Seleccionar el menu de formularios, Joel clicks on Seleccionar el formulario de validacion]], When enter a wrong password in the field
| strRequired | strEmail | strPassword | strCPassword | strDate | strUrl | strDigits | strRange |
| Joel | joel1@gamil.com | 123 | 123 | 24081998 | https://www.hola2.com | 123 | 7 | [Joel formulario [Joel enters 'Joel' into Campo para ingresar el nombre, Joel enters 'joel1@gamil.com' into Campo para ingresar el email, Joel enters '123' into Campo para ingresar la clave, Joel enters '123' into Campo para confirmar la clave, Joel enters '24081998' into Campo para ingresar la fecha, Joel enters 'https://www.hola2.com' into Campo para ingresar la Url, Joel enters '123' into Campo para ingresar los digitos, Joel enters '7' into Campo para ingresar el rango, Joel clicks on Marcamos para aceptar las politicas, Joel clicks on Boton para validar la informacion]], Then check the validation message in the password field
| strPasswordInvalida | strCPasswordInvalida |
| Please enter at least 5 characters. | Please enter at least 5 characters. | [Then answer password], Check the format of the confirm password field:Given Joel want to verify that the confirm password field is valid
| strUsuario | strClave |
| demo | demo | [Joel open up [Joel opens the Color lib page], Joel login [Joel enters 'demo' into Campo para ingresar el nombre de usuario, Joel enters 'demo' into Campo para ingresar el nombre del usuario, Joel clicks on Campo para ingresar el nombre del usuario], Joel ingresar [Joel clicks on Seleccionar el menu de formularios, Joel clicks on Seleccionar el formulario de validacion]], When enter a wrong confirm password in the field
| strRequired | strEmail | strPassword | strCPassword | strDate | strUrl | strDigits | strRange |
| Joel | joel1@gamil.com | 12345@JDRH | 12345@JDRH@ | 24081998 | https://www.hola2.com | 123 | 7 | [Joel formulario [Joel enters 'Joel' into Campo para ingresar el nombre, Joel enters 'joel1@gamil.com' into Campo para ingresar el email, Joel enters '12345@JDRH' into Campo para ingresar la clave, Joel enters '12345@JDRH@' into Campo para confirmar la clave, Joel enters '24081998' into Campo para ingresar la fecha, Joel enters 'https://www.hola2.com' into Campo para ingresar la Url, Joel enters '123' into Campo para ingresar los digitos, Joel enters '7' into Campo para ingresar el rango, Joel clicks on Marcamos para aceptar las politicas, Joel clicks on Boton para validar la informacion]], Then check the validation message in the confirm password field
| strCPasswordInvalida |
| Please enter the same value again. | [Then answer c password], Check the format of the url field:Given Joel want to verify that the url field is valid
| strUsuario | strClave |
| demo | demo | [Joel open up [Joel opens the Color lib page], Joel login [Joel enters 'demo' into Campo para ingresar el nombre de usuario, Joel enters 'demo' into Campo para ingresar el nombre del usuario, Joel clicks on Campo para ingresar el nombre del usuario], Joel ingresar [Joel clicks on Seleccionar el menu de formularios, Joel clicks on Seleccionar el formulario de validacion]], When enter a wrong url in the field
| strRequired | strEmail | strPassword | strCPassword | strDate | strUrl | strDigits | strRange |
| Joel | joel1@gamil.com | 12345@JDRH | 12345@JDRH | 24081998 | hola2.com | 123 | 7 | [Joel formulario [Joel enters 'Joel' into Campo para ingresar el nombre, Joel enters 'joel1@gamil.com' into Campo para ingresar el email, Joel enters '12345@JDRH' into Campo para ingresar la clave, Joel enters '12345@JDRH' into Campo para confirmar la clave, Joel enters '24081998' into Campo para ingresar la fecha, Joel enters 'hola2.com' into Campo para ingresar la Url, Joel enters '123' into Campo para ingresar los digitos, Joel enters '7' into Campo para ingresar el rango, Joel clicks on Marcamos para aceptar las politicas, Joel clicks on Boton para validar la informacion]], Then check the validation message in the url field
| strUrlInvalido |
| Please enter a valid URL. | [Then answer url], Check the format of the only digits field:Given Joel want to verify that the only digits field is valid
| strUsuario | strClave |
| demo | demo | [Joel open up [Joel opens the Color lib page], Joel login [Joel enters 'demo' into Campo para ingresar el nombre de usuario, Joel enters 'demo' into Campo para ingresar el nombre del usuario, Joel clicks on Campo para ingresar el nombre del usuario], Joel ingresar [Joel clicks on Seleccionar el menu de formularios, Joel clicks on Seleccionar el formulario de validacion]], When enter a wrong only digits in the field
| strRequired | strEmail | strPassword | strCPassword | strDate | strUrl | strDigits | strRange |
| Joel | joel1@gamil.com | 12345@JDRH | 12345@JDRH | 24081998 | https://www.hola2.com | ghg | 7 | [Joel formulario [Joel enters 'Joel' into Campo para ingresar el nombre, Joel enters 'joel1@gamil.com' into Campo para ingresar el email, Joel enters '12345@JDRH' into Campo para ingresar la clave, Joel enters '12345@JDRH' into Campo para confirmar la clave, Joel enters '24081998' into Campo para ingresar la fecha, Joel enters 'https://www.hola2.com' into Campo para ingresar la Url, Joel enters 'ghg' into Campo para ingresar los digitos, Joel enters '7' into Campo para ingresar el rango, Joel clicks on Marcamos para aceptar las politicas, Joel clicks on Boton para validar la informacion]], Then check the validation message in the only digits field
| strDigitsInvalido |
| Please enter only digits. | [Then answer digits], Check the format of the range field:Given Joel want to verify that the range field is valid
| strUsuario | strClave |
| demo | demo | [Joel open up [Joel opens the Color lib page], Joel login [Joel enters 'demo' into Campo para ingresar el nombre de usuario, Joel enters 'demo' into Campo para ingresar el nombre del usuario, Joel clicks on Campo para ingresar el nombre del usuario], Joel ingresar [Joel clicks on Seleccionar el menu de formularios, Joel clicks on Seleccionar el formulario de validacion]], When enter a wrong only range in the field
| strRequired | strEmail | strPassword | strCPassword | strDate | strUrl | strDigits | strRange |
| Joel | joel1@gamil.com | 12345@JDRH | 12345@JDRH | 24081998 | https://www.hola2.com | 123 | 1 | [Joel formulario [Joel enters 'Joel' into Campo para ingresar el nombre, Joel enters 'joel1@gamil.com' into Campo para ingresar el email, Joel enters '12345@JDRH' into Campo para ingresar la clave, Joel enters '12345@JDRH' into Campo para confirmar la clave, Joel enters '24081998' into Campo para ingresar la fecha, Joel enters 'https://www.hola2.com' into Campo para ingresar la Url, Joel enters '123' into Campo para ingresar los digitos, Joel enters '1' into Campo para ingresar el rango, Joel clicks on Marcamos para aceptar las politicas, Joel clicks on Boton para validar la informacion]], Then check the validation message in the range field
| strRangeInvalido |
| Please enter a value between 5 and 16. | [Then answer range]]
[Test worker] INFO net.thucydides.core.steps.ConsoleLoggingListener - 
        __    _____ _____ ____ _____   ____   _    ____  ____  _____ ____  
  _     \ \  |_   _| ____/ ___|_   _| |  _ \ / \  / ___|/ ___|| ____|  _ \ 
 (_)_____| |   | | |  _| \___ \ | |   | |_) / _ \ \___ \\___ \|  _| | | | |
  _|_____| |   | | | |___ ___) || |   |  __/ ___ \ ___) |___) | |___| |_| |
 (_)     | |   |_| |_____|____/ |_|   |_| /_/   \_\____/|____/|_____|____/ 
        /_/                                                                

TEST PASSED: Check the format of the range field
----------------------------------------------------------------------------
]]></system-err>
</testsuite>
