<?xml version="1.0" encoding="UTF-8"?><testsuite errors="0" failures="0" name="Colorlib" skipped="0" tests="8" time="127.83" timestamp="2022-02-18 11:02:13"><testcase name="Verify the completion of the Block Validation screen"/><testcase name="Check message when sending the empty form"/><testcase name="Check the format of the email field"/><testcase name="Check the format of the password field"/><testcase name="Check the format of the confirm password field"/><testcase name="Check the format of the url field"/><testcase name="Check the format of the only digits field"/><testcase name="Check the format of the range field"/></testsuite>